0 info it worked if it ends with ok
1 verbose cli [ 'C:\\Program Files (x86)\\nodejs\\node.exe',
1 verbose cli   'C:\\Program Files (x86)\\nodejs\\node_modules\\npm\\bin\\npm-cli.js',
1 verbose cli   'run',
1 verbose cli   'ionut' ]
2 info using npm@3.10.10
3 info using node@v6.10.3
4 verbose run-script [ 'preionut', 'ionut', 'postionut' ]
5 info lifecycle ionut@1.0.0~preionut: ionut@1.0.0
6 silly lifecycle ionut@1.0.0~preionut: no script for preionut, continuing
7 info lifecycle ionut@1.0.0~ionut: ionut@1.0.0
8 verbose lifecycle ionut@1.0.0~ionut: unsafe-perm in lifecycle true
9 verbose lifecycle ionut@1.0.0~ionut: PATH: C:\Program Files (x86)\nodejs\node_modules\npm\bin\node-gyp-bin;C:\D\documente\Fortech\WebDevelopment Training\exercitii\5helloworldExpress\node_modules\.bin;C:\app\ionutt\product\12.1.0\dbhome_1\bin;C:\oraclexe\app\oracle\product\11.2.0\server\bin;C:\ProgramData\Oracle\Java\javapath;C:\oraclexe\app\oracle\product\11.2.0\server\bin;C:\Program Files (x86)\Intel\iCLS Client\;C:\Program Files\Intel\iCLS Client\;C:\WINDOWS\system32;C:\WINDOWS;C:\WINDOWS\System32\Wbem;C:\WINDOWS\System32\WindowsPowerShell\v1.0\;C:\Program Files\Intel\Intel(R) Management Engine Components\DAL;C:\Program Files\Intel\Intel(R) Management Engine Components\IPT;C:\Program Files (x86)\Intel\Intel(R) Management Engine Components\DAL;C:\Program Files (x86)\Intel\Intel(R) Management Engine Components\IPT;C:\Program Files\Intel\WiFi\bin\;C:\Program Files\Common Files\Intel\WirelessCommon\;C:\Program Files\TortoiseSVN\bin;c:\Programs\instantclient_11_2;c:\xampp\php;C:\ProgramData\ComposerSetup\bin;C:\Program Files\Git\cmd;C:\Program Files\MIT\Kerberos\bin;C:\Ruby192\bin;C:\OpenSSL-Win32\bin;C:\Program Files\TortoiseGit\bin;C:\Program Files (x86)\nodejs\;C:\gstreamer\1.0\x86_64\include;C:\gstreamer\1.0\x86_64\bin;C:\Program Files (x86)\Microsoft VS Code\bin;C:\Users\Ionut Terhes\AppData\Local\atom\bin;C:\Users\Ionut Terhes\AppData\Local\Microsoft\WindowsApps;C:\Users\Ionut Terhes\AppData\Roaming\npm
10 verbose lifecycle ionut@1.0.0~ionut: CWD: C:\D\documente\Fortech\WebDevelopment Training\exercitii\5helloworldExpress
11 silly lifecycle ionut@1.0.0~ionut: Args: [ '/d /s /c', 'node server_smecher.js' ]
12 silly lifecycle ionut@1.0.0~ionut: Returned: code: 3221225786  signal: null
13 info lifecycle ionut@1.0.0~ionut: Failed to exec ionut script
14 verbose stack Error: ionut@1.0.0 ionut: `node server_smecher.js`
14 verbose stack Exit status 3221225786
14 verbose stack     at EventEmitter.<anonymous> (C:\Program Files (x86)\nodejs\node_modules\npm\lib\utils\lifecycle.js:255:16)
14 verbose stack     at emitTwo (events.js:106:13)
14 verbose stack     at EventEmitter.emit (events.js:191:7)
14 verbose stack     at ChildProcess.<anonymous> (C:\Program Files (x86)\nodejs\node_modules\npm\lib\utils\spawn.js:40:14)
14 verbose stack     at emitTwo (events.js:106:13)
14 verbose stack     at ChildProcess.emit (events.js:191:7)
14 verbose stack     at maybeClose (internal/child_process.js:886:16)
14 verbose stack     at Process.ChildProcess._handle.onexit (internal/child_process.js:226:5)
15 verbose pkgid ionut@1.0.0
16 verbose cwd C:\D\documente\Fortech\WebDevelopment Training\exercitii\5helloworldExpress
17 error Windows_NT 10.0.14393
18 error argv "C:\\Program Files (x86)\\nodejs\\node.exe" "C:\\Program Files (x86)\\nodejs\\node_modules\\npm\\bin\\npm-cli.js" "run" "ionut"
19 error node v6.10.3
20 error npm  v3.10.10
21 error code ELIFECYCLE
22 error ionut@1.0.0 ionut: `node server_smecher.js`
22 error Exit status 3221225786
23 error Failed at the ionut@1.0.0 ionut script 'node server_smecher.js'.
23 error Make sure you have the latest version of node.js and npm installed.
23 error If you do, this is most likely a problem with the ionut package,
23 error not with npm itself.
23 error Tell the author that this fails on your system:
23 error     node server_smecher.js
23 error You can get information on how to open an issue for this project with:
23 error     npm bugs ionut
23 error Or if that isn't available, you can get their info via:
23 error     npm owner ls ionut
23 error There is likely additional logging output above.
24 verbose exit [ 1, true ]
